Copyright 1986-2022 Xilinx, Inc. All Rights Reserved.
------------------------------------------------------------------------------------------
| Tool Version : Vivado v.2022.1 (win64) Build 3526262 Mon Apr 18 15:48:16 MDT 2022
| Date         : Thu Apr 23 21:52:02 2026
| Host         : MSI running 64-bit major release  (build 9200)
| Command      : report_timing_summary -file C:/URI/ELE598/iot_gateway_project/timing.rpt
| Design       : iot_gateway_top
| Device       : 7z045-ffg900
| Speed File   : -2  PRODUCTION 1.12 2019-11-22
------------------------------------------------------------------------------------------

Timing Summary Report

------------------------------------------------------------------------------------------------
| Timer Settings
| --------------
------------------------------------------------------------------------------------------------

  Enable Multi Corner Analysis               :  Yes
  Enable Pessimism Removal                   :  Yes
  Pessimism Removal Resolution               :  Nearest Common Node
  Enable Input Delay Default Clock           :  No
  Enable Preset / Clear Arcs                 :  No
  Disable Flight Delays                      :  No
  Ignore I/O Paths                           :  No
  Timing Early Launch at Borrowing Latches   :  No
  Borrow Time for Max Delay Exceptions       :  Yes
  Merge Timing Exceptions                    :  Yes

  Corner  Analyze    Analyze    
  Name    Max Paths  Min Paths  
  ------  ---------  ---------  
  Slow    Yes        Yes        
  Fast    Yes        Yes        


------------------------------------------------------------------------------------------------
| Report Methodology
| ------------------
------------------------------------------------------------------------------------------------

Rule      Severity          Description                                     Violations  
--------  ----------------  ----------------------------------------------  ----------  
TIMING-6  Critical Warning  No common primary clock between related clocks  1           
TIMING-7  Critical Warning  No common node between related clocks           1           
TIMING-9  Warning           Unknown CDC Logic                               1           

Note: This report is based on the most recent report_methodology run and may not be up-to-date. Run report_methodology on the current design for the latest report.



check_timing report

Table of Contents
-----------------
1. checking no_clock (0)
2. checking constant_clock (0)
3. checking pulse_width_clock (0)
4. checking unconstrained_internal_endpoints (0)
5. checking no_input_delay (0)
6. checking no_output_delay (0)
7. checking multiple_clock (0)
8. checking generated_clocks (0)
9. checking loops (0)
10. checking partial_input_delay (0)
11. checking partial_output_delay (0)
12. checking latch_loops (0)

1. checking no_clock (0)
------------------------
 There are 0 register/latch pins with no clock.


2. checking constant_clock (0)
------------------------------
 There are 0 register/latch pins with constant_clock.


3. checking pulse_width_clock (0)
---------------------------------
 There are 0 register/latch pins which need pulse_width check


4. checking unconstrained_internal_endpoints (0)
------------------------------------------------
 There are 0 pins that are not constrained for maximum delay.

 There are 0 pins that are not constrained for maximum delay due to constant clock.


5. checking no_input_delay (0)
------------------------------
 There are 0 input ports with no input delay specified.

 There are 0 input ports with no input delay but user has a false path constraint.


6. checking no_output_delay (0)
-------------------------------
 There are 0 ports with no output delay specified.

 There are 0 ports with no output delay but user has a false path constraint

 There are 0 ports with no output delay but with a timing clock defined on it or propagating through it


7. checking multiple_clock (0)
------------------------------
 There are 0 register/latch pins with multiple clocks.


8. checking generated_clocks (0)
--------------------------------
 There are 0 generated clocks that are not connected to a clock source.


9. checking loops (0)
---------------------
 There are 0 combinational loops in the design.


10. checking partial_input_delay (0)
------------------------------------
 There are 0 input ports with partial input delay specified.


11. checking partial_output_delay (0)
-------------------------------------
 There are 0 ports with partial output delay specified.


12. checking latch_loops (0)
----------------------------
 There are 0 combinational latch loops in the design through latch input



------------------------------------------------------------------------------------------------
| Design Timing Summary
| ---------------------
------------------------------------------------------------------------------------------------

    WNS(ns)      TNS(ns)  TNS Failing Endpoints  TNS Total Endpoints      WHS(ns)      THS(ns)  THS Failing Endpoints  THS Total Endpoints     WPWS(ns)     TPWS(ns)  TPWS Failing Endpoints  TPWS Total Endpoints  
    -------      -------  ---------------------  -------------------      -------      -------  ---------------------  -------------------     --------     --------  ----------------------  --------------------  
     -0.436       -7.323                     62                65045        0.053        0.000                      0                65045        1.732        0.000                       0                 23038  


Timing constraints are not met.


------------------------------------------------------------------------------------------------
| Clock Summary
| -------------
------------------------------------------------------------------------------------------------

Clock       Waveform(ns)         Period(ns)      Frequency(MHz)
-----       ------------         ----------      --------------
clk_fpga_0  {0.000 5.000}        10.000          100.000         
clk_fpga_1  {0.000 2.500}        5.000           200.000         


------------------------------------------------------------------------------------------------
| Intra Clock Table
| -----------------
------------------------------------------------------------------------------------------------

Clock             WNS(ns)      TNS(ns)  TNS Failing Endpoints  TNS Total Endpoints      WHS(ns)      THS(ns)  THS Failing Endpoints  THS Total Endpoints     WPWS(ns)     TPWS(ns)  TPWS Failing Endpoints  TPWS Total Endpoints  
-----             -------      -------  ---------------------  -------------------      -------      -------  ---------------------  -------------------     --------     --------  ----------------------  --------------------  
clk_fpga_0          2.346        0.000                      0                 6944        0.085        0.000                      0                 6944        4.358        0.000                       0                  3443  
clk_fpga_1         -0.436       -7.323                     62                51264        0.053        0.000                      0                51264        1.732        0.000                       0                 19595  


------------------------------------------------------------------------------------------------
| Inter Clock Table
| -----------------
------------------------------------------------------------------------------------------------

From Clock    To Clock          WNS(ns)      TNS(ns)  TNS Failing Endpoints  TNS Total Endpoints      WHS(ns)      THS(ns)  THS Failing Endpoints  THS Total Endpoints  
----------    --------          -------      -------  ---------------------  -------------------      -------      -------  ---------------------  -------------------  
clk_fpga_0    clk_fpga_1         -0.252       -1.317                     20                 1684        0.109        0.000                      0                 1684  


------------------------------------------------------------------------------------------------
| Other Path Groups Table
| -----------------------
------------------------------------------------------------------------------------------------

Path Group         From Clock         To Clock               WNS(ns)      TNS(ns)  TNS Failing Endpoints  TNS Total Endpoints      WHS(ns)      THS(ns)  THS Failing Endpoints  THS Total Endpoints  
----------         ----------         --------               -------      -------  ---------------------  -------------------      -------      -------  ---------------------  -------------------  
**async_default**  clk_fpga_0         clk_fpga_1               0.487        0.000                      0                 6223        0.145        0.000                      0                 6223  
**async_default**  clk_fpga_1         clk_fpga_1               3.552        0.000                      0                    5        0.612        0.000                      0                    5  


------------------------------------------------------------------------------------------------
| Timing Details
| --------------
------------------------------------------------------------------------------------------------


---------------------------------------------------------------------------------------------------
From Clock:  clk_fpga_0
  To Clock:  clk_fpga_0

Setup :            0  Failing Endpoints,  Worst Slack        2.346ns,  Total Violation        0.000ns
Hold  :            0  Failing Endpoints,  Worst Slack        0.085ns,  Total Violation        0.000ns
PW    :            0  Failing Endpoints,  Worst Slack        4.358ns,  Total Violation        0.000ns
---------------------------------------------------------------------------------------------------


Max Delay Paths
--------------------------------------------------------------------------------------
Slack (MET) :             2.346ns  (required time - arrival time)
  Source:                 u_bd/iot_gateway_bd_i/smartconnect_1/inst/switchboards/i_nodes/i_r_node/inst/inst_mi_handler/gen_normal_area.gen_fi_regulator.inst_fi_regulator/allow_transfer_r_reg/C
                            (rising edge-triggered cell FDRE clocked by clk_fpga_0  {rise@0.000ns fall@5.000ns period=10.000ns})
  Destination:            u_bd/iot_gateway_bd_i/smartconnect_1/inst/switchboards/i_nodes/i_r_node/inst/inst_mi_handler/gen_normal_area.inst_fifo_node_payld/gen_reg_fifo.inst_reg_fifo/gen_single_rank.data_reg[44]/D
                            (rising edge-triggered cell FDRE clocked by clk_fpga_0  {rise@0.000ns fall@5.000ns period=10.000ns})
  Path Group:             clk_fpga_0
  Path Type:              Setup (Max at Slow Process Corner)
  Requirement:            10.000ns  (clk_fpga_0 rise@10.000ns - clk_fpga_0 rise@0.000ns)
  Data Path Delay:        7.179ns  (logic 0.691ns (9.625%)  route 6.488ns (90.375%))
  Logic Levels:           6  (LUT2=1 LUT4=2 LUT6=1 MUXF7=1 MUXF8=1)
  Clock Path Skew:        -0.369ns (DCD - SCD + CPR)
    Destination Clock Delay (DCD):    2.621ns = ( 12.621 - 10.000 ) 
    Source Clock Delay      (SCD):    3.141ns
    Clock Pessimism Removal (CPR):    0.151ns
  Clock Uncertainty:      0.154ns  ((TSJ^2 + TIJ^2)^1/2 + DJ) / 2 + PE
    Total System Jitter     (TSJ):    0.071ns
    Total Input Jitter      (TIJ):    0.300ns
    Discrete Jitter          (DJ):    0.000ns
    Phase Error              (PE):    0.000ns

    Location             Delay type                Incr(ns)  Path(ns)    Netlist Resource(s)
  -------------------------------------------------------------------    -------------------
                         (clock clk_fpga_0 rise edge)
                                                      0.000     0.000 r  
    PS7_X0Y0             PS7                          0.000     0.000 r  u_bd/iot_gateway_bd_i/processing_system7_0/inst/PS7_i/FCLKCLK[0]
                         net (fo=1, routed)           1.339     1.339    u_bd/iot_gateway_bd_i/processing_system7_0/inst/FCLK_CLK_unbuffered[0]
    BUFGCTRL_X0Y16       BUFG (Prop_bufg_I_O)         0.093     1.432 r  u_bd/iot_gateway_bd_i/processing_system7_0/inst/buffer_fclk_clk_0.FCLK_CLK_0_BUFG/O
                         net (fo=3443, routed)        1.709     3.141    u_bd/iot_gateway_bd_i/smartconnect_1/inst/switchboards/i_nodes/i_r_node/inst/inst_mi_handler/gen_normal_area.gen_fi_regulator.inst_fi_regulator/s_sc_aclk
    SLICE_X54Y321        FDRE                                         r  u_bd/iot_gateway_bd_i/smartconnect_1/inst/switchboards/i_nodes/i_r_node/inst/inst_mi_handler/gen_normal_area.gen_fi_regulator.inst_fi_regulator/allow_transfer_r_reg/C
  -------------------------------------------------------------------    -------------------
    SLICE_X54Y321        FDRE (Prop_fdre_C_Q)         0.259     3.400 r  u_bd/iot_gateway_bd_i/smartconnect_1/inst/switchboards/i_nodes/i_r_node/inst/inst_mi_handler/gen_normal_area.gen_fi_regulator.inst_fi_regulator/allow_transfer_r_reg/Q
                         net (fo=85, routed)          0.992     4.392    u_bd/iot_gateway_bd_i/smartconnect_1/inst/switchboards/i_nodes/i_r_node/inst/inst_mi_handler/gen_normal_area.gen_fi_regulator.inst_fi_regulator/allow_transfer_r_reg_0
    SLICE_X58Y322        LUT2 (Prop_lut2_I0_O)        0.047     4.439 r  u_bd/iot_gateway_bd_i/smartconnect_1/inst/switchboards/i_nodes/i_r_node/inst/inst_mi_handler/gen_normal_area.gen_fi_regulator.inst_fi_regulator/s_sc_recv[10]_INST_0/O
                         net (fo=8, routed)           0.755     5.194    u_bd/iot_gateway_bd_i/smartconnect_1/inst/switchboards/r_la_out_swbd/inst/m_sc_recv[10]
    SLICE_X47Y318        LUT4 (Prop_lut4_I1_O)        0.134     5.328 r  u_bd/iot_gateway_bd_i/smartconnect_1/inst/switchboards/r_la_out_swbd/inst/m_sc_payld[54]_INST_0_i_12/O
                         net (fo=1, routed)           0.178     5.506    u_bd/iot_gateway_bd_i/smartconnect_1/inst/switchboards/r_la_out_swbd/inst/m_sc_payld[54]_INST_0_i_12_n_0
    SLICE_X45Y318        LUT4 (Prop_lut4_I3_O)        0.043     5.549 r  u_bd/iot_gateway_bd_i/smartconnect_1/inst/switchboards/r_la_out_swbd/inst/m_sc_payld[54]_INST_0_i_10/O
                         net (fo=128, routed)         4.563    10.112    u_bd/iot_gateway_bd_i/smartconnect_1/inst/switchboards/r_la_out_swbd/inst/gen_mi[0].m_sc_sel_mi[1]
    SLICE_X19Y248        LUT6 (Prop_lut6_I2_O)        0.043    10.155 r  u_bd/iot_gateway_bd_i/smartconnect_1/inst/switchboards/r_la_out_swbd/inst/m_sc_payld[44]_INST_0_i_3/O
                         net (fo=1, routed)           0.000    10.155    u_bd/iot_gateway_bd_i/smartconnect_1/inst/switchboards/r_la_out_swbd/inst/m_sc_payld[44]_INST_0_i_3_n_0
    SLICE_X19Y248        MUXF7 (Prop_muxf7_I0_O)      0.120    10.275 r  u_bd/iot_gateway_bd_i/smartconnect_1/inst/switchboards/r_la_out_swbd/inst/m_sc_payld[44]_INST_0_i_1/O
                         net (fo=1, routed)           0.000    10.275    u_bd/iot_gateway_bd_i/smartconnect_1/inst/switchboards/r_la_out_swbd/inst/m_sc_payld[44]_INST_0_i_1_n_0
    SLICE_X19Y248        MUXF8 (Prop_muxf8_I0_O)      0.045    10.320 r  u_bd/iot_gateway_bd_i/smartconnect_1/inst/switchboards/r_la_out_swbd/inst/m_sc_payld[44]_INST_0/O
                         net (fo=1, routed)           0.000    10.320    u_bd/iot_gateway_bd_i/smartconnect_1/inst/switchboards/i_nodes/i_r_node/inst/inst_mi_handler/gen_normal_area.inst_fifo_node_payld/gen_reg_fifo.inst_reg_fifo/s_sc_payld[21]
    SLICE_X19Y248        FDRE                                         r  u_bd/iot_gateway_bd_i/smartconnect_1/inst/switchboards/i_nodes/i_r_node/inst/inst_mi_handler/gen_normal_area.inst_fifo_node_payld/gen_reg_fifo.inst_reg_fifo/gen_single_rank.data_reg[44]/D
  -------------------------------------------------------------------    -------------------

                         (clock clk_fpga_0 rise edge)
                                                     10.000    10.000 r  
    PS7_X0Y0             PS7                          0.000    10.000 r  u_bd/iot_gateway_bd_i/processing_system7_0/inst/PS7_i/FCLKCLK[0]
                         net (fo=1, routed)           1.241    11.241    u_bd/iot_gateway_bd_i/processing_system7_0/inst/FCLK_CLK_unbuffered[0]
    BUFGCTRL_X0Y16       BUFG (Prop_bufg_I_O)         0.083    11.324 r  u_bd/iot_gateway_bd_i/processing_system7_0/inst/buffer_fclk_clk_0.FCLK_CLK_0_BUFG/O
                         net (fo=3443, routed)        1.297    12.621    u_bd/iot_gateway_bd_i/smartconnect_1/inst/switchboards/i_nodes/i_r_node/inst/inst_mi_handler/gen_normal_area.inst_fifo_node_payld/gen_reg_fifo.inst_reg_fifo/s_sc_aclk
    SLICE_X19Y248        FDRE                                         r  u_bd/iot_gateway_bd_i/smartconnect_1/inst/switchboards/i_nodes/i_r_node/inst/inst_mi_handler/gen_normal_area.inst_fifo_node_payld/gen_reg_fifo.inst_reg_fifo/gen_single_rank.data_reg[44]/C
                         clock pessimism              0.151    12.772    
                         clock uncertainty           -0.154    12.618    
    SLICE_X19Y248        FDRE (Setup_fdre_C_D)        0.048    12.666    u_bd/iot_gateway_bd_i/smartconnect_1/inst/switchboards/i_nodes/i_r_node/inst/inst_mi_handler/gen_normal_area.inst_fifo_node_payld/gen_reg_fifo.inst_reg_fifo/gen_single_rank.data_reg[44]
  -------------------------------------------------------------------
                         required time                         12.666    
                         arrival time                         -10.320    
  -------------------------------------------------------------------
                         slack                                  2.346    





Min Delay Paths
--------------------------------------------------------------------------------------
Slack (MET) :             0.085ns  (arrival time - required time)
  Source:                 u_bd/iot_gateway_bd_i/smartconnect_1/inst/s00_entry_pipeline/s00_mmu/inst/aw_reg_stall/m_vector_i_reg[3]/C
                            (rising edge-triggered cell FDRE clocked by clk_fpga_0  {rise@0.000ns fall@5.000ns period=10.000ns})
  Destination:            u_bd/iot_gateway_bd_i/smartconnect_1/inst/switchboards/i_nodes/i_aw_node/inst/inst_mi_handler/gen_normal_area.inst_fifo_node_payld/gen_reg_fifo.inst_reg_fifo/gen_single_rank.data_reg[161]/D
                            (rising edge-triggered cell FDRE clocked by clk_fpga_0  {rise@0.000ns fall@5.000ns period=10.000ns})
  Path Group:             clk_fpga_0
  Path Type:              Hold (Min at Fast Process Corner)
  Requirement:            0.000ns  (clk_fpga_0 rise@0.000ns - clk_fpga_0 rise@0.000ns)
  Data Path Delay:        0.183ns  (logic 0.128ns (70.125%)  route 0.055ns (29.875%))
  Logic Levels:           1  (LUT6=1)
  Clock Path Skew:        0.011ns (DCD - SCD - CPR)
    Destination Clock Delay (DCD):    1.870ns
    Source Clock Delay      (SCD):    1.557ns
    Clock Pessimism Removal (CPR):    0.302ns

    Location             Delay type                Incr(ns)  Path(ns)    Netlist Resource(s)
  -------------------------------------------------------------------    -------------------
                         (clock clk_fpga_0 rise edge)
                                                      0.000     0.000 r  
    PS7_X0Y0             PS7                          0.000     0.000 r  u_bd/iot_gateway_bd_i/processing_system7_0/inst/PS7_i/FCLKCLK[0]
                         net (fo=1, routed)           0.725     0.725    u_bd/iot_gateway_bd_i/processing_system7_0/inst/FCLK_CLK_unbuffered[0]
    BUFGCTRL_X0Y16       BUFG (Prop_bufg_I_O)         0.026     0.751 r  u_bd/iot_gateway_bd_i/processing_system7_0/inst/buffer_fclk_clk_0.FCLK_CLK_0_BUFG/O
                         net (fo=3443, routed)        0.806     1.557    u_bd/iot_gateway_bd_i/smartconnect_1/inst/s00_entry_pipeline/s00_mmu/inst/aw_reg_stall/aclk
    SLICE_X31Y316        FDRE                                         r  u_bd/iot_gateway_bd_i/smartconnect_1/inst/s00_entry_pipeline/s00_mmu/inst/aw_reg_stall/m_vector_i_reg[3]/C
  -------------------------------------------------------------------    -------------------
    SLICE_X31Y316        FDRE (Prop_fdre_C_Q)         0.100     1.657 r  u_bd/iot_gateway_bd_i/smartconnect_1/inst/s00_entry_pipeline/s00_mmu/inst/aw_reg_stall/m_vector_i_reg[3]/Q
                         net (fo=1, routed)           0.055     1.712    u_bd/iot_gateway_bd_i/smartconnect_1/inst/s00_entry_pipeline/s00_mmu/inst/aw_reg_stall/m_vector_i_reg_n_0_[3]
    SLICE_X30Y316        LUT6 (Prop_lut6_I0_O)        0.028     1.740 r  u_bd/iot_gateway_bd_i/smartconnect_1/inst/s00_entry_pipeline/s00_mmu/inst/aw_reg_stall/m_axi_awuser[3]_INST_0/O
                         net (fo=1, routed)           0.000     1.740    u_bd/iot_gateway_bd_i/smartconnect_1/inst/switchboards/i_nodes/i_aw_node/inst/inst_mi_handler/gen_normal_area.inst_fifo_node_payld/gen_reg_fifo.inst_reg_fifo/s_sc_payld[2]
    SLICE_X30Y316        FDRE                                         r  u_bd/iot_gateway_bd_i/smartconnect_1/inst/switchboards/i_nodes/i_aw_node/inst/inst_mi_handler/gen_normal_area.inst_fifo_node_payld/gen_reg_fifo.inst_reg_fifo/gen_single_rank.data_reg[161]/D
  -------------------------------------------------------------------    -------------------

                         (clock clk_fpga_0 rise edge)
                                                      0.000     0.000 r  
    PS7_X0Y0             PS7                          0.000     0.000 r  u_bd/iot_gateway_bd_i/processing_system7_0/inst/PS7_i/FCLKCLK[0]
                         net (fo=1, routed)           0.769     0.769    u_bd/iot_gateway_bd_i/processing_system7_0/inst/FCLK_CLK_unbuffered[0]
    BUFGCTRL_X0Y16       BUFG (Prop_bufg_I_O)         0.030     0.799 r  u_bd/iot_gateway_bd_i/processing_system7_0/inst/buffer_fclk_clk_0.FCLK_CLK_0_BUFG/O
                         net (fo=3443, routed)        1.071     1.870    u_bd/iot_gateway_bd_i/smartconnect_1/inst/switchboards/i_nodes/i_aw_node/inst/inst_mi_handler/gen_normal_area.inst_fifo_node_payld/gen_reg_fifo.inst_reg_fifo/s_sc_aclk
    SLICE_X30Y316        FDRE                                         r  u_bd/iot_gateway_bd_i/smartconnect_1/inst/switchboards/i_nodes/i_aw_node/inst/inst_mi_handler/gen_normal_area.inst_fifo_node_payld/gen_reg_fifo.inst_reg_fifo/gen_single_rank.data_reg[161]/C
                         clock pessimism             -0.302     1.568    
    SLICE_X30Y316        FDRE (Hold_fdre_C_D)         0.087     1.655    u_bd/iot_gateway_bd_i/smartconnect_1/inst/switchboards/i_nodes/i_aw_node/inst/inst_mi_handler/gen_normal_area.inst_fifo_node_payld/gen_reg_fifo.inst_reg_fifo/gen_single_rank.data_reg[161]
  -------------------------------------------------------------------
                         required time                         -1.655    
                         arrival time                           1.740    
  -------------------------------------------------------------------
                         slack                                  0.085    





Pulse Width Checks
--------------------------------------------------------------------------------------
Clock Name:         clk_fpga_0
Waveform(ns):       { 0.000 5.000 }
Period(ns):         10.000
Sources:            { u_bd/iot_gateway_bd_i/processing_system7_0/inst/PS7_i/FCLKCLK[0] }

Check Type        Corner  Lib Pin     Reference Pin  Required(ns)  Actual(ns)  Slack(ns)  Location        Pin
Min Period        n/a     BUFG/I      n/a            1.408         10.000      8.591      BUFGCTRL_X0Y16  u_bd/iot_gateway_bd_i/processing_system7_0/inst/buffer_fclk_clk_0.FCLK_CLK_0_BUFG/I
Low Pulse Width   Slow    SRL16E/CLK  n/a            0.642         5.000       4.358      SLICE_X90Y321   u_bd/iot_gateway_bd_i/proc_sys_reset_0/U0/EXT_LPF/POR_SRL_I/CLK
High Pulse Width  Slow    SRL16E/CLK  n/a            0.642         5.000       4.358      SLICE_X90Y321   u_bd/iot_gateway_bd_i/proc_sys_reset_0/U0/EXT_LPF/POR_SRL_I/CLK



---------------------------------------------------------------------------------------------------
From Clock:  clk_fpga_1
  To Clock:  clk_fpga_1

Setup :           62  Failing Endpoints,  Worst Slack       -0.436ns,  Total Violation       -7.323ns
Hold  :            0  Failing Endpoints,  Worst Slack        0.053ns,  Total Violation        0.000ns
PW    :            0  Failing Endpoints,  Worst Slack        1.732ns,  Total Violation        0.000ns
---------------------------------------------------------------------------------------------------


Max Delay Paths
--------------------------------------------------------------------------------------
Slack (VIOLATED) :        -0.436ns  (required time - arrival time)
  Source:                 u_bd/iot_gateway_bd_i/axis_dwidth_conv_0/inst/gen_upsizer_conversion.axisc_upsizer_0/acc_keep_reg[9]/C
                            (rising edge-triggered cell FDRE clocked by clk_fpga_1  {rise@0.000ns fall@2.500ns period=5.000ns})
  Destination:            u_bd/iot_gateway_bd_i/aes256gcm_0/U0/u_top_aes_gcm/u_aes_gcm/u_gcm_gctr/u_aes_ecb/gen_round_stack[0].u_aes_round/data_3_q_reg[1][1][3]/D
                            (rising edge-triggered cell FDCE clocked by clk_fpga_1  {rise@0.000ns fall@2.500ns period=5.000ns})
  Path Group:             clk_fpga_1
  Path Type:              Setup (Max at Slow Process Corner)
  Requirement:            5.000ns  (clk_fpga_1 rise@5.000ns - clk_fpga_1 rise@0.000ns)
  Data Path Delay:        5.389ns  (logic 0.880ns (16.330%)  route 4.509ns (83.670%))
  Logic Levels:           13  (LUT3=1 LUT4=1 LUT5=2 LUT6=9)
  Clock Path Skew:        -0.028ns (DCD - SCD + CPR)
    Destination Clock Delay (DCD):    2.690ns = ( 7.690 - 5.000 ) 
    Source Clock Delay      (SCD):    2.979ns
    Clock Pessimism Removal (CPR):    0.261ns
  Clock Uncertainty:      0.083ns  ((TSJ^2 + TIJ^2)^1/2 + DJ) / 2 + PE
    Total System Jitter     (TSJ):    0.071ns
    Total Input Jitter      (TIJ):    0.150ns
    Discrete Jitter          (DJ):    0.000ns
    Phase Error              (PE):    0.000ns

    Location             Delay type                Incr(ns)  Path(ns)    Netlist Resource(s)
  -------------------------------------------------------------------    -------------------
                         (clock clk_fpga_1 rise edge)
                                                      0.000     0.000 r  
    PS7_X0Y0             PS7                          0.000     0.000 r  u_bd/iot_gateway_bd_i/processing_system7_0/inst/PS7_i/FCLKCLK[1]
                         net (fo=1, routed)           1.339     1.339    u_bd/iot_gateway_bd_i/processing_system7_0/inst/FCLK_CLK_unbuffered[1]
    BUFGCTRL_X0Y17       BUFG (Prop_bufg_I_O)         0.093     1.432 r  u_bd/iot_gateway_bd_i/processing_system7_0/inst/buffer_fclk_clk_1.FCLK_CLK_1_BUFG/O
                         net (fo=19596, routed)       1.547     2.979    u_bd/iot_gateway_bd_i/axis_dwidth_conv_0/inst/gen_upsizer_conversion.axisc_upsizer_0/aclk
    SLICE_X58Y270        FDRE                                         r  u_bd/iot_gateway_bd_i/axis_dwidth_conv_0/inst/gen_upsizer_conversion.axisc_upsizer_0/acc_keep_reg[9]/C
  -------------------------------------------------------------------    -------------------
    SLICE_X58Y270        FDRE (Prop_fdre_C_Q)         0.236     3.215 r  u_bd/iot_gateway_bd_i/axis_dwidth_conv_0/inst/gen_upsizer_conversion.axisc_upsizer_0/acc_keep_reg[9]/Q
                         net (fo=2, routed)           0.440     3.655    u_bd/iot_gateway_bd_i/aes256gcm_0/U0/u_top_aes_gcm/u_aes_gcm/u_gcm_gctr/u_aes_ecb/u_aes_last_round/aes_gcm_data_in_bval_i[9]
    SLICE_X57Y270        LUT5 (Prop_lut5_I3_O)        0.128     3.783 r  u_bd/iot_gateway_bd_i/aes256gcm_0/U0/u_top_aes_gcm/u_aes_gcm/u_gcm_gctr/u_aes_ecb/u_aes_last_round/gctr_data_out_val_q_i_4/O
                         net (fo=1, routed)           0.099     3.882    u_bd/iot_gateway_bd_i/aes256gcm_0/U0/u_top_aes_gcm/u_aes_gcm/u_gcm_gctr/u_aes_ecb/u_aes_last_round/gctr_data_out_val_q_i_4_n_0
    SLICE_X57Y270        LUT6 (Prop_lut6_I5_O)        0.043     3.925 r  u_bd/iot_gateway_bd_i/aes256gcm_0/U0/u_top_aes_gcm/u_aes_gcm/u_gcm_gctr/u_aes_ecb/u_aes_last_round/gctr_data_out_val_q_i_2/O
                         net (fo=20, routed)          0.114     4.038    u_bd/iot_gateway_bd_i/aes256gcm_0/U0/u_top_aes_gcm/u_aes_gcm/u_gcm_ghash/gctr_ack0
    SLICE_X57Y270        LUT4 (Prop_lut4_I0_O)        0.043     4.081 f  u_bd/iot_gateway_bd_i/aes256gcm_0/U0/u_top_aes_gcm/u_aes_gcm/u_gcm_ghash/cnt_3_q[3]_i_4__0/O
                         net (fo=1, routed)           0.184     4.266    u_bd/iot_gateway_bd_i/aes256gcm_0/U0/u_top_aes_gcm/u_aes_gcm/u_gcm_gctr/u_aes_ecb/gen_round_stack[13].u_aes_round/last_rnd_busy
    SLICE_X58Y270        LUT6 (Prop_lut6_I0_O)        0.043     4.309 r  u_bd/iot_gateway_bd_i/aes256gcm_0/U0/u_top_aes_gcm/u_aes_gcm/u_gcm_gctr/u_aes_ecb/gen_round_stack[13].u_aes_round/cnt_3_q[3]_i_3/O
                         net (fo=15, routed)          0.206     4.515    u_bd/iot_gateway_bd_i/aes256gcm_0/U0/u_top_aes_gcm/u_aes_gcm/u_gcm_gctr/u_aes_ecb/gen_round_stack[13].u_aes_round/cnt_3_q_reg[2]_0
    SLICE_X56Y270        LUT6 (Prop_lut6_I0_O)        0.043     4.558 f  u_bd/iot_gateway_bd_i/aes256gcm_0/U0/u_top_aes_gcm/u_aes_gcm/u_gcm_gctr/u_aes_ecb/gen_round_stack[13].u_aes_round/data_3_q[0][0][7]_i_3/O
                         net (fo=15, routed)          0.189     4.747    u_bd/iot_gateway_bd_i/aes256gcm_0/U0/u_top_aes_gcm/u_aes_gcm/u_gcm_gctr/u_aes_ecb/gen_round_stack[13].u_aes_round/dval_3_q_reg_3
    SLICE_X57Y269        LUT6 (Prop_lut6_I0_O)        0.043     4.790 f  u_bd/iot_gateway_bd_i/aes256gcm_0/U0/u_top_aes_gcm/u_aes_gcm/u_gcm_gctr/u_aes_ecb/gen_round_stack[13].u_aes_round/kexp_rcon_q[7]_i_2__2/O
                         net (fo=20, routed)          0.213     5.003    u_bd/iot_gateway_bd_i/aes256gcm_0/U0/u_top_aes_gcm/u_aes_gcm/u_gcm_gctr/u_aes_ecb/gen_round_stack[13].u_aes_round/dval_3_q_reg_2
    SLICE_X57Y268        LUT6 (Prop_lut6_I5_O)        0.043     5.046 r  u_bd/iot_gateway_bd_i/aes256gcm_0/U0/u_top_aes_gcm/u_aes_gcm/u_gcm_gctr/u_aes_ecb/gen_round_stack[13].u_aes_round/g0_b0__1_i_7/O
                         net (fo=88, routed)          0.705     5.751    u_bd/iot_gateway_bd_i/aes256gcm_0/U0/u_top_aes_gcm/u_aes_gcm/u_gcm_gctr/u_aes_ecb/gen_key_stack[13].u_aes_kexp/start_first_stage
    SLICE_X46Y264        LUT3 (Prop_lut3_I2_O)        0.043     5.794 r  u_bd/iot_gateway_bd_i/aes256gcm_0/U0/u_top_aes_gcm/u_aes_gcm/u_gcm_gctr/u_aes_ecb/gen_key_stack[13].u_aes_kexp/w_0_q[2][4]_i_2/O
                         net (fo=2, routed)           0.196     5.991    u_bd/iot_gateway_bd_i/aes256gcm_0/U0/u_top_aes_gcm/u_aes_gcm/u_gcm_gctr/u_aes_ecb/gen_round_stack[0].u_aes_round/g3_b7__33[4]
    SLICE_X46Y265        LUT5 (Prop_lut5_I4_O)        0.043     6.034 r  u_bd/iot_gateway_bd_i/aes256gcm_0/U0/u_top_aes_gcm/u_aes_gcm/u_gcm_gctr/u_aes_ecb/gen_round_stack[0].u_aes_round/g0_b0__33_i_5/O
                         net (fo=32, routed)          0.611     6.644    u_bd/iot_gateway_bd_i/aes256gcm_0/U0/u_top_aes_gcm/u_aes_gcm/u_gcm_gctr/u_aes_ecb/gen_round_stack[13].u_aes_round/data_3_q_reg[1][1][2]_0[4]
    SLICE_X39Y259        LUT6 (Prop_lut6_I4_O)        0.043     6.687 r  u_bd/iot_gateway_bd_i/aes256gcm_0/U0/u_top_aes_gcm/u_aes_gcm/u_gcm_gctr/u_aes_ecb/gen_round_stack[13].u_aes_round/g3_b7__33/O
                         net (fo=2, routed)           0.350     7.037    u_bd/iot_gateway_bd_i/aes256gcm_0/U0/u_top_aes_gcm/u_aes_gcm/u_gcm_gctr/u_aes_ecb/gen_round_stack[0].u_aes_round/data_3_q_reg[1][3][7]_1
    SLICE_X39Y259        LUT6 (Prop_lut6_I0_O)        0.043     7.080 r  u_bd/iot_gateway_bd_i/aes256gcm_0/U0/u_top_aes_gcm/u_aes_gcm/u_gcm_gctr/u_aes_ecb/gen_round_stack[0].u_aes_round/tmp_v_inferred__5/data_3_q[1][0][7]_i_11/O
                         net (fo=4, routed)           0.725     7.805    u_bd/iot_gateway_bd_i/aes256gcm_0/U0/u_top_aes_gcm/u_aes_gcm/u_gcm_gctr/u_aes_ecb/gen_round_stack[13].u_aes_round/data_3_q_reg[1][1][1]_5
    SLICE_X34Y257        LUT6 (Prop_lut6_I2_O)        0.043     7.848 r  u_bd/iot_gateway_bd_i/aes256gcm_0/U0/u_top_aes_gcm/u_aes_gcm/u_gcm_gctr/u_aes_ecb/gen_round_stack[13].u_aes_round/data_3_q[1][1][3]_i_2_comp/O
                         net (fo=2, routed)           0.477     8.325    u_bd/iot_gateway_bd_i/aes256gcm_0/U0/u_top_aes_gcm/u_aes_gcm/u_gcm_gctr/u_aes_ecb/gen_round_stack[13].u_aes_round/data_3_q[1][1][3]_i_2_n_0
    SLICE_X36Y257        LUT6 (Prop_lut6_I4_O)        0.043     8.368 r  u_bd/iot_gateway_bd_i/aes256gcm_0/U0/u_top_aes_gcm/u_aes_gcm/u_gcm_gctr/u_aes_ecb/gen_round_stack[13].u_aes_round/data_3_q[1][1][3]_i_1/O
                         net (fo=1, routed)           0.000     8.368    u_bd/iot_gateway_bd_i/aes256gcm_0/U0/u_top_aes_gcm/u_aes_gcm/u_gcm_gctr/u_aes_ecb/gen_round_stack[0].u_aes_round/data_3_q_reg[1][1][7]_1[3]
    SLICE_X36Y257        FDCE                                         r  u_bd/iot_gateway_bd_i/aes256gcm_0/U0/u_top_aes_gcm/u_aes_gcm/u_gcm_gctr/u_aes_ecb/gen_round_stack[0].u_aes_round/data_3_q_reg[1][1][3]/D
  -------------------------------------------------------------------    -------------------

                         (clock clk_fpga_1 rise edge)
                                                      5.000     5.000 r  
    PS7_X0Y0             PS7                          0.000     5.000 r  u_bd/iot_gateway_bd_i/processing_system7_0/inst/PS7_i/FCLKCLK[1]
                         net (fo=1, routed)           1.241     6.241    u_bd/iot_gateway_bd_i/processing_system7_0/inst/FCLK_CLK_unbuffered[1]
    BUFGCTRL_X0Y17       BUFG (Prop_bufg_I_O)         0.083     6.324 r  u_bd/iot_gateway_bd_i/processing_system7_0/inst/buffer_fclk_clk_1.FCLK_CLK_1_BUFG/O
                         net (fo=19596, routed)       1.366     7.690    u_bd/iot_gateway_bd_i/aes256gcm_0/U0/u_top_aes_gcm/u_aes_gcm/u_gcm_gctr/u_aes_ecb/gen_round_stack[0].u_aes_round/clk_i
    SLICE_X36Y257        FDCE                                         r  u_bd/iot_gateway_bd_i/aes256gcm_0/U0/u_top_aes_gcm/u_aes_gcm/u_gcm_gctr/u_aes_ecb/gen_round_stack[0].u_aes_round/data_3_q_reg[1][1][3]/C
                         clock pessimism              0.261     7.951    
                         clock uncertainty           -0.083     7.868    
    SLICE_X36Y257        FDCE (Setup_fdce_C_D)        0.064     7.932    u_bd/iot_gateway_bd_i/aes256gcm_0/U0/u_top_aes_gcm/u_aes_gcm/u_gcm_gctr/u_aes_ecb/gen_round_stack[0].u_aes_round/data_3_q_reg[1][1][3]
  -------------------------------------------------------------------
                         required time                          7.932    
                         arrival time                          -8.368    
  -------------------------------------------------------------------
                         slack                                 -0.436    





Min Delay Paths
--------------------------------------------------------------------------------------
Slack (MET) :             0.053ns  (arrival time - required time)
  Source:                 u_bd/iot_gateway_bd_i/smartconnect_0/inst/switchboards/r_switchboard/inst/gen_mi[0].inst_opipe_payld/gen_pipe[1].pipe_reg[1][64]/C
                            (rising edge-triggered cell FDRE clocked by clk_fpga_1  {rise@0.000ns fall@2.500ns period=5.000ns})
  Destination:            u_bd/iot_gateway_bd_i/smartconnect_0/inst/s00_nodes/s00_r_node/inst/inst_mi_handler/gen_normal_area.inst_fifo_node_payld/gen_xpm_memory_fifo.inst_fifo/gen_mem_rep[0].inst_xpm_memory/xpm_memory_base_inst/gen_wr_a.gen_word_narrow.mem_reg_0_31_60_65/RAMC/I
                            (rising edge-triggered cell RAMD32 clocked by clk_fpga_1  {rise@0.000ns fall@2.500ns period=5.000ns})
  Path Group:             clk_fpga_1
  Path Type:              Hold (Min at Fast Process Corner)
  Requirement:            0.000ns  (clk_fpga_1 rise@0.000ns - clk_fpga_1 rise@0.000ns)
  Data Path Delay:        0.196ns  (logic 0.100ns (51.150%)  route 0.096ns (48.850%))
  Logic Levels:           0  
  Clock Path Skew:        0.014ns (DCD - SCD - CPR)
    Destination Clock Delay (DCD):    1.687ns
    Source Clock Delay      (SCD):    1.412ns
    Clock Pessimism Removal (CPR):    0.261ns

    Location             Delay type                Incr(ns)  Path(ns)    Netlist Resource(s)
  -------------------------------------------------------------------    -------------------
                         (clock clk_fpga_1 rise edge)
                                                      0.000     0.000 r  
    PS7_X0Y0             PS7                          0.000     0.000 r  u_bd/iot_gateway_bd_i/processing_system7_0/inst/PS7_i/FCLKCLK[1]
                         net (fo=1, routed)           0.725     0.725    u_bd/iot_gateway_bd_i/processing_system7_0/inst/FCLK_CLK_unbuffered[1]
    BUFGCTRL_X0Y17       BUFG (Prop_bufg_I_O)         0.026     0.751 r  u_bd/iot_gateway_bd_i/processing_system7_0/inst/buffer_fclk_clk_1.FCLK_CLK_1_BUFG/O
                         net (fo=19596, routed)       0.661     1.412    u_bd/iot_gateway_bd_i/smartconnect_0/inst/switchboards/r_switchboard/inst/gen_mi[0].inst_opipe_payld/aclk
    SLICE_X25Y242        FDRE                                         r  u_bd/iot_gateway_bd_i/smartconnect_0/inst/switchboards/r_switchboard/inst/gen_mi[0].inst_opipe_payld/gen_pipe[1].pipe_reg[1][64]/C
  -------------------------------------------------------------------    -------------------
    SLICE_X25Y242        FDRE (Prop_fdre_C_Q)         0.100     1.512 r  u_bd/iot_gateway_bd_i/smartconnect_0/inst/switchboards/r_switchboard/inst/gen_mi[0].inst_opipe_payld/gen_pipe[1].pipe_reg[1][64]/Q
                         net (fo=1, routed)           0.096     1.608    u_bd/iot_gateway_bd_i/smartconnect_0/inst/s00_nodes/s00_r_node/inst/inst_mi_handler/gen_normal_area.inst_fifo_node_payld/gen_xpm_memory_fifo.inst_fifo/gen_mem_rep[0].inst_xpm_memory/xpm_memory_base_inst/gen_wr_a.gen_word_narrow.mem_reg_0_31_60_65/DIC0
    SLICE_X26Y241        RAMD32                                       r  u_bd/iot_gateway_bd_i/smartconnect_0/inst/s00_nodes/s00_r_node/inst/inst_mi_handler/gen_normal_area.inst_fifo_node_payld/gen_xpm_memory_fifo.inst_fifo/gen_mem_rep[0].inst_xpm_memory/xpm_memory_base_inst/gen_wr_a.gen_word_narrow.mem_reg_0_31_60_65/RAMC/I
  -------------------------------------------------------------------    -------------------

                         (clock clk_fpga_1 rise edge)
                                                      0.000     0.000 r  
    PS7_X0Y0             PS7                          0.000     0.000 r  u_bd/iot_gateway_bd_i/processing_system7_0/inst/PS7_i/FCLKCLK[1]
                         net (fo=1, routed)           0.769     0.769    u_bd/iot_gateway_bd_i/processing_system7_0/inst/FCLK_CLK_unbuffered[1]
    BUFGCTRL_X0Y17       BUFG (Prop_bufg_I_O)         0.030     0.799 r  u_bd/iot_gateway_bd_i/processing_system7_0/inst/buffer_fclk_clk_1.FCLK_CLK_1_BUFG/O
                         net (fo=19596, routed)       0.888     1.687    u_bd/iot_gateway_bd_i/smartconnect_0/inst/s00_nodes/s00_r_node/inst/inst_mi_handler/gen_normal_area.inst_fifo_node_payld/gen_xpm_memory_fifo.inst_fifo/gen_mem_rep[0].inst_xpm_memory/xpm_memory_base_inst/gen_wr_a.gen_word_narrow.mem_reg_0_31_60_65/WCLK
    SLICE_X26Y241        RAMD32                                       r  u_bd/iot_gateway_bd_i/smartconnect_0/inst/s00_nodes/s00_r_node/inst/inst_mi_handler/gen_normal_area.inst_fifo_node_payld/gen_xpm_memory_fifo.inst_fifo/gen_mem_rep[0].inst_xpm_memory/xpm_memory_base_inst/gen_wr_a.gen_word_narrow.mem_reg_0_31_60_65/RAMC/CLK
                         clock pessimism             -0.261     1.426    
    SLICE_X26Y241        RAMD32 (Hold_ramd32_CLK_I)
                                                      0.129     1.555    u_bd/iot_gateway_bd_i/smartconnect_0/inst/s00_nodes/s00_r_node/inst/inst_mi_handler/gen_normal_area.inst_fifo_node_payld/gen_xpm_memory_fifo.inst_fifo/gen_mem_rep[0].inst_xpm_memory/xpm_memory_base_inst/gen_wr_a.gen_word_narrow.mem_reg_0_31_60_65/RAMC
  -------------------------------------------------------------------
                         required time                         -1.555    
                         arrival time                           1.608    
  -------------------------------------------------------------------
                         slack                                  0.053    





Pulse Width Checks
--------------------------------------------------------------------------------------
Clock Name:         clk_fpga_1
Waveform(ns):       { 0.000 2.500 }
Period(ns):         5.000
Sources:            { u_bd/iot_gateway_bd_i/processing_system7_0/inst/PS7_i/FCLKCLK[1] }

Check Type        Corner  Lib Pin             Reference Pin  Required(ns)  Actual(ns)  Slack(ns)  Location       Pin
Min Period        n/a     RAMB36E1/CLKARDCLK  n/a            2.095         5.000       2.905      RAMB36_X4Y49   u_bd/iot_gateway_bd_i/axis_data_fifo_0/inst/gen_fifo.xpm_fifo_axis_inst/xpm_fifo_base_inst/gen_sdpram.xpm_memory_base_inst/gen_wr_a.gen_word_narrow.mem_reg_0/CLKARDCLK
Low Pulse Width   Slow    RAMD32/CLK          n/a            0.768         2.500       1.732      SLICE_X82Y228  u_bd/iot_gateway_bd_i/axi_dma_0/U0/I_PRMRY_DATAMOVER/GEN_S2MM_FULL.I_S2MM_FULL_WRAPPER/GEN_ENABLE_INDET_BTT_SF.I_INDET_BTT/I_XD_FIFO/NON_BLK_MEM.I_SYNC_FIFOGEN_FIFO/xpm_fifo_instance.xpm_fifo_sync_inst/xpm_fifo_base_inst/gen_sdpram.xpm_memory_base_inst/gen_wr_a.gen_word_narrow.mem_reg_0_15_0_5/RAMA/CLK
High Pulse Width  Slow    RAMD32/CLK          n/a            0.768         2.500       1.732      SLICE_X82Y228  u_bd/iot_gateway_bd_i/axi_dma_0/U0/I_PRMRY_DATAMOVER/GEN_S2MM_FULL.I_S2MM_FULL_WRAPPER/GEN_ENABLE_INDET_BTT_SF.I_INDET_BTT/I_XD_FIFO/NON_BLK_MEM.I_SYNC_FIFOGEN_FIFO/xpm_fifo_instance.xpm_fifo_sync_inst/xpm_fifo_base_inst/gen_sdpram.xpm_memory_base_inst/gen_wr_a.gen_word_narrow.mem_reg_0_15_0_5/RAMA/CLK



---------------------------------------------------------------------------------------------------
From Clock:  clk_fpga_0
  To Clock:  clk_fpga_1

Setup :           20  Failing Endpoints,  Worst Slack       -0.252ns,  Total Violation       -1.317ns
Hold  :            0  Failing Endpoints,  Worst Slack        0.109ns,  Total Violation        0.000ns
---------------------------------------------------------------------------------------------------


Max Delay Paths
--------------------------------------------------------------------------------------
Slack (VIOLATED) :        -0.252ns  (required time - arrival time)
  Source:                 u_bd/iot_gateway_bd_i/axi_gpio_ctrl/U0/gpio_core_1/Not_Dual.gpio_Data_Out_reg[2]/C
                            (rising edge-triggered cell FDRE clocked by clk_fpga_0  {rise@0.000ns fall@5.000ns period=10.000ns})
  Destination:            u_bd/iot_gateway_bd_i/aes256gcm_0/U0/u_top_aes_gcm/u_aes_gcm/u_gcm_gctr/u_aes_ecb/gen_round_stack[0].u_aes_round/data_3_q_reg[1][1][3]/D
                            (rising edge-triggered cell FDCE clocked by clk_fpga_1  {rise@0.000ns fall@2.500ns period=5.000ns})
  Path Group:             clk_fpga_1
  Path Type:              Setup (Max at Slow Process Corner)
  Requirement:            5.000ns  (clk_fpga_1 rise@5.000ns - clk_fpga_0 rise@0.000ns)
  Data Path Delay:        4.854ns  (logic 0.646ns (13.308%)  route 4.208ns (86.692%))
  Logic Levels:           9  (LUT2=1 LUT3=2 LUT5=1 LUT6=5)
  Clock Path Skew:        -0.290ns (DCD - SCD + CPR)
    Destination Clock Delay (DCD):    2.690ns = ( 7.690 - 5.000 ) 
    Source Clock Delay      (SCD):    2.980ns
    Clock Pessimism Removal (CPR):    0.000ns
  Clock Uncertainty:      0.171ns  ((TSJ^2 + TIJ^2)^1/2 + DJ) / 2 + PE
    Total System Jitter     (TSJ):    0.071ns
    Total Input Jitter      (TIJ):    0.335ns
    Discrete Jitter          (DJ):    0.000ns
    Phase Error              (PE):    0.000ns
  Clock Domain Crossing:  Inter clock paths are considered valid unless explicitly excluded by timing constraints such as set_clock_groups or set_false_path.

    Location             Delay type                Incr(ns)  Path(ns)    Netlist Resource(s)
  -------------------------------------------------------------------    -------------------
                         (clock clk_fpga_0 rise edge)
                                                      0.000     0.000 r  
    PS7_X0Y0             PS7                          0.000     0.000 r  u_bd/iot_gateway_bd_i/processing_system7_0/inst/PS7_i/FCLKCLK[0]
                         net (fo=1, routed)           1.339     1.339    u_bd/iot_gateway_bd_i/processing_system7_0/inst/FCLK_CLK_unbuffered[0]
    BUFGCTRL_X0Y16       BUFG (Prop_bufg_I_O)         0.093     1.432 r  u_bd/iot_gateway_bd_i/processing_system7_0/inst/buffer_fclk_clk_0.FCLK_CLK_0_BUFG/O
                         net (fo=3443, routed)        1.548     2.980    u_bd/iot_gateway_bd_i/axi_gpio_ctrl/U0/gpio_core_1/s_axi_aclk
    SLICE_X50Y273        FDRE                                         r  u_bd/iot_gateway_bd_i/axi_gpio_ctrl/U0/gpio_core_1/Not_Dual.gpio_Data_Out_reg[2]/C
  -------------------------------------------------------------------    -------------------
    SLICE_X50Y273        FDRE (Prop_fdre_C_Q)         0.259     3.239 r  u_bd/iot_gateway_bd_i/axi_gpio_ctrl/U0/gpio_core_1/Not_Dual.gpio_Data_Out_reg[2]/Q
                         net (fo=37, routed)          0.367     3.606    u_bd/iot_gateway_bd_i/aes256gcm_0/U0/u_top_aes_gcm/u_aes_gcm/u_gcm_ghash/aes_gcm_icb_start_cnt_i
    SLICE_X50Y269        LUT2 (Prop_lut2_I0_O)        0.043     3.649 r  u_bd/iot_gateway_bd_i/aes256gcm_0/U0/u_top_aes_gcm/u_aes_gcm/u_gcm_ghash/cnt_3_q[3]_i_3__0/O
                         net (fo=134, routed)         0.377     4.026    u_bd/iot_gateway_bd_i/aes256gcm_0/U0/u_top_aes_gcm/u_aes_gcm/u_gcm_gctr/u_aes_ecb/gen_round_stack[13].u_aes_round/gctr_data_in_val0
    SLICE_X55Y269        LUT3 (Prop_lut3_I2_O)        0.043     4.069 r  u_bd/iot_gateway_bd_i/aes256gcm_0/U0/u_top_aes_gcm/u_aes_gcm/u_gcm_gctr/u_aes_ecb/gen_round_stack[13].u_aes_round/kexp_rcon_q[7]_i_7/O
                         net (fo=8, routed)           0.400     4.469    u_bd/iot_gateway_bd_i/aes256gcm_0/U0/u_top_aes_gcm/u_aes_gcm/u_gcm_gctr/u_aes_ecb/gen_round_stack[13].u_aes_round/rnd_stage_val_i
    SLICE_X57Y268        LUT6 (Prop_lut6_I1_O)        0.043     4.512 r  u_bd/iot_gateway_bd_i/aes256gcm_0/U0/u_top_aes_gcm/u_aes_gcm/u_gcm_gctr/u_aes_ecb/gen_round_stack[13].u_aes_round/g0_b0__1_i_7/O
                         net (fo=88, routed)          0.705     5.218    u_bd/iot_gateway_bd_i/aes256gcm_0/U0/u_top_aes_gcm/u_aes_gcm/u_gcm_gctr/u_aes_ecb/gen_key_stack[13].u_aes_kexp/start_first_stage
    SLICE_X46Y264        LUT3 (Prop_lut3_I2_O)        0.043     5.261 r  u_bd/iot_gateway_bd_i/aes256gcm_0/U0/u_top_aes_gcm/u_aes_gcm/u_gcm_gctr/u_aes_ecb/gen_key_stack[13].u_aes_kexp/w_0_q[2][4]_i_2/O
                         net (fo=2, routed)           0.196     5.457    u_bd/iot_gateway_bd_i/aes256gcm_0/U0/u_top_aes_gcm/u_aes_gcm/u_gcm_gctr/u_aes_ecb/gen_round_stack[0].u_aes_round/g3_b7__33[4]
    SLICE_X46Y265        LUT5 (Prop_lut5_I4_O)        0.043     5.500 r  u_bd/iot_gateway_bd_i/aes256gcm_0/U0/u_top_aes_gcm/u_aes_gcm/u_gcm_gctr/u_aes_ecb/gen_round_stack[0].u_aes_round/g0_b0__33_i_5/O
                         net (fo=32, routed)          0.611     6.111    u_bd/iot_gateway_bd_i/aes256gcm_0/U0/u_top_aes_gcm/u_aes_gcm/u_gcm_gctr/u_aes_ecb/gen_round_stack[13].u_aes_round/data_3_q_reg[1][1][2]_0[4]
    SLICE_X39Y259        LUT6 (Prop_lut6_I4_O)        0.043     6.154 r  u_bd/iot_gateway_bd_i/aes256gcm_0/U0/u_top_aes_gcm/u_aes_gcm/u_gcm_gctr/u_aes_ecb/gen_round_stack[13].u_aes_round/g3_b7__33/O
                         net (fo=2, routed)           0.350     6.504    u_bd/iot_gateway_bd_i/aes256gcm_0/U0/u_top_aes_gcm/u_aes_gcm/u_gcm_gctr/u_aes_ecb/gen_round_stack[0].u_aes_round/data_3_q_reg[1][3][7]_1
    SLICE_X39Y259        LUT6 (Prop_lut6_I0_O)        0.043     6.547 r  u_bd/iot_gateway_bd_i/aes256gcm_0/U0/u_top_aes_gcm/u_aes_gcm/u_gcm_gctr/u_aes_ecb/gen_round_stack[0].u_aes_round/tmp_v_inferred__5/data_3_q[1][0][7]_i_11/O
                         net (fo=4, routed)           0.725     7.272    u_bd/iot_gateway_bd_i/aes256gcm_0/U0/u_top_aes_gcm/u_aes_gcm/u_gcm_gctr/u_aes_ecb/gen_round_stack[13].u_aes_round/data_3_q_reg[1][1][1]_5
    SLICE_X34Y257        LUT6 (Prop_lut6_I2_O)        0.043     7.315 r  u_bd/iot_gateway_bd_i/aes256gcm_0/U0/u_top_aes_gcm/u_aes_gcm/u_gcm_gctr/u_aes_ecb/gen_round_stack[13].u_aes_round/data_3_q[1][1][3]_i_2_comp/O
                         net (fo=2, routed)           0.477     7.791    u_bd/iot_gateway_bd_i/aes256gcm_0/U0/u_top_aes_gcm/u_aes_gcm/u_gcm_gctr/u_aes_ecb/gen_round_stack[13].u_aes_round/data_3_q[1][1][3]_i_2_n_0
    SLICE_X36Y257        LUT6 (Prop_lut6_I4_O)        0.043     7.834 r  u_bd/iot_gateway_bd_i/aes256gcm_0/U0/u_top_aes_gcm/u_aes_gcm/u_gcm_gctr/u_aes_ecb/gen_round_stack[13].u_aes_round/data_3_q[1][1][3]_i_1/O
                         net (fo=1, routed)           0.000     7.834    u_bd/iot_gateway_bd_i/aes256gcm_0/U0/u_top_aes_gcm/u_aes_gcm/u_gcm_gctr/u_aes_ecb/gen_round_stack[0].u_aes_round/data_3_q_reg[1][1][7]_1[3]
    SLICE_X36Y257        FDCE                                         r  u_bd/iot_gateway_bd_i/aes256gcm_0/U0/u_top_aes_gcm/u_aes_gcm/u_gcm_gctr/u_aes_ecb/gen_round_stack[0].u_aes_round/data_3_q_reg[1][1][3]/D
  -------------------------------------------------------------------    -------------------

                         (clock clk_fpga_1 rise edge)
                                                      5.000     5.000 r  
    PS7_X0Y0             PS7                          0.000     5.000 r  u_bd/iot_gateway_bd_i/processing_system7_0/inst/PS7_i/FCLKCLK[1]
                         net (fo=1, routed)           1.241     6.241    u_bd/iot_gateway_bd_i/processing_system7_0/inst/FCLK_CLK_unbuffered[1]
    BUFGCTRL_X0Y17       BUFG (Prop_bufg_I_O)         0.083     6.324 r  u_bd/iot_gateway_bd_i/processing_system7_0/inst/buffer_fclk_clk_1.FCLK_CLK_1_BUFG/O
                         net (fo=19596, routed)       1.366     7.690    u_bd/iot_gateway_bd_i/aes256gcm_0/U0/u_top_aes_gcm/u_aes_gcm/u_gcm_gctr/u_aes_ecb/gen_round_stack[0].u_aes_round/clk_i
    SLICE_X36Y257        FDCE                                         r  u_bd/iot_gateway_bd_i/aes256gcm_0/U0/u_top_aes_gcm/u_aes_gcm/u_gcm_gctr/u_aes_ecb/gen_round_stack[0].u_aes_round/data_3_q_reg[1][1][3]/C
                         clock pessimism              0.000     7.690    
                         clock uncertainty           -0.171     7.519    
    SLICE_X36Y257        FDCE (Setup_fdce_C_D)        0.064     7.583    u_bd/iot_gateway_bd_i/aes256gcm_0/U0/u_top_aes_gcm/u_aes_gcm/u_gcm_gctr/u_aes_ecb/gen_round_stack[0].u_aes_round/data_3_q_reg[1][1][3]
  -------------------------------------------------------------------
                         required time                          7.583    
                         arrival time                          -7.834    
  -------------------------------------------------------------------
                         slack                                 -0.252    





Min Delay Paths
--------------------------------------------------------------------------------------
Slack (MET) :             0.109ns  (arrival time - required time)
  Source:                 u_bd/iot_gateway_bd_i/axi_gpio_iv1/U0/gpio_core_1/Not_Dual.gpio_Data_Out_reg[24]/C
                            (rising edge-triggered cell FDRE clocked by clk_fpga_0  {rise@0.000ns fall@5.000ns period=10.000ns})
  Destination:            u_bd/iot_gateway_bd_i/aes256gcm_0/U0/u_top_aes_gcm/u_aes_gcm/u_gcm_gctr/u_aes_icb/iv_q_reg[39]/D
                            (rising edge-triggered cell FDCE clocked by clk_fpga_1  {rise@0.000ns fall@2.500ns period=5.000ns})
  Path Group:             clk_fpga_1
  Path Type:              Hold (Min at Fast Process Corner)
  Requirement:            0.000ns  (clk_fpga_1 rise@0.000ns - clk_fpga_0 rise@0.000ns)
  Data Path Delay:        0.604ns  (logic 0.091ns (15.075%)  route 0.513ns (84.925%))
  Logic Levels:           0  
  Clock Path Skew:        0.294ns (DCD - SCD - CPR)
    Destination Clock Delay (DCD):    1.753ns
    Source Clock Delay      (SCD):    1.459ns
    Clock Pessimism Removal (CPR):    -0.000ns
  Clock Uncertainty:      0.171ns  ((TSJ^2 + TIJ^2)^1/2 + DJ) / 2 + PE
    Total System Jitter     (TSJ):    0.071ns
    Total Input Jitter      (TIJ):    0.335ns
    Discrete Jitter          (DJ):    0.000ns
    Phase Error              (PE):    0.000ns
  Clock Domain Crossing:  Inter clock paths are considered valid unless explicitly excluded by timing constraints such as set_clock_groups or set_false_path.

    Location             Delay type                Incr(ns)  Path(ns)    Netlist Resource(s)
  -------------------------------------------------------------------    -------------------
                         (clock clk_fpga_0 rise edge)
                                                      0.000     0.000 r  
    PS7_X0Y0             PS7                          0.000     0.000 r  u_bd/iot_gateway_bd_i/processing_system7_0/inst/PS7_i/FCLKCLK[0]
                         net (fo=1, routed)           0.725     0.725    u_bd/iot_gateway_bd_i/processing_system7_0/inst/FCLK_CLK_unbuffered[0]
    BUFGCTRL_X0Y16       BUFG (Prop_bufg_I_O)         0.026     0.751 r  u_bd/iot_gateway_bd_i/processing_system7_0/inst/buffer_fclk_clk_0.FCLK_CLK_0_BUFG/O
                         net (fo=3443, routed)        0.708     1.459    u_bd/iot_gateway_bd_i/axi_gpio_iv1/U0/gpio_core_1/s_axi_aclk
    SLICE_X44Y254        FDRE                                         r  u_bd/iot_gateway_bd_i/axi_gpio_iv1/U0/gpio_core_1/Not_Dual.gpio_Data_Out_reg[24]/C
  -------------------------------------------------------------------    -------------------
    SLICE_X44Y254        FDRE (Prop_fdre_C_Q)         0.091     1.550 r  u_bd/iot_gateway_bd_i/axi_gpio_iv1/U0/gpio_core_1/Not_Dual.gpio_Data_Out_reg[24]/Q
                         net (fo=2, routed)           0.513     2.063    u_bd/iot_gateway_bd_i/aes256gcm_0/U0/u_top_aes_gcm/u_aes_gcm/u_gcm_gctr/u_aes_icb/aes_gcm_iv_i[39]
    SLICE_X48Y254        FDCE                                         r  u_bd/iot_gateway_bd_i/aes256gcm_0/U0/u_top_aes_gcm/u_aes_gcm/u_gcm_gctr/u_aes_icb/iv_q_reg[39]/D
  -------------------------------------------------------------------    -------------------

                         (clock clk_fpga_1 rise edge)
                                                      0.000     0.000 r  
    PS7_X0Y0             PS7                          0.000     0.000 r  u_bd/iot_gateway_bd_i/processing_system7_0/inst/PS7_i/FCLKCLK[1]
                         net (fo=1, routed)           0.769     0.769    u_bd/iot_gateway_bd_i/processing_system7_0/inst/FCLK_CLK_unbuffered[1]
    BUFGCTRL_X0Y17       BUFG (Prop_bufg_I_O)         0.030     0.799 r  u_bd/iot_gateway_bd_i/processing_system7_0/inst/buffer_fclk_clk_1.FCLK_CLK_1_BUFG/O
                         net (fo=19596, routed)       0.954     1.753    u_bd/iot_gateway_bd_i/aes256gcm_0/U0/u_top_aes_gcm/u_aes_gcm/u_gcm_gctr/u_aes_icb/clk_i
    SLICE_X48Y254        FDCE                                         r  u_bd/iot_gateway_bd_i/aes256gcm_0/U0/u_top_aes_gcm/u_aes_gcm/u_gcm_gctr/u_aes_icb/iv_q_reg[39]/C
                         clock pessimism              0.000     1.753    
                         clock uncertainty            0.171     1.924    
    SLICE_X48Y254        FDCE (Hold_fdce_C_D)         0.029     1.953    u_bd/iot_gateway_bd_i/aes256gcm_0/U0/u_top_aes_gcm/u_aes_gcm/u_gcm_gctr/u_aes_icb/iv_q_reg[39]
  -------------------------------------------------------------------
                         required time                         -1.953    
                         arrival time                           2.063    
  -------------------------------------------------------------------
                         slack                                  0.109    





---------------------------------------------------------------------------------------------------
Path Group:  **async_default**
From Clock:  clk_fpga_0
  To Clock:  clk_fpga_1

Setup :            0  Failing Endpoints,  Worst Slack        0.487ns,  Total Violation        0.000ns
Hold  :            0  Failing Endpoints,  Worst Slack        0.145ns,  Total Violation        0.000ns
---------------------------------------------------------------------------------------------------


Max Delay Paths
--------------------------------------------------------------------------------------
Slack (MET) :             0.487ns  (required time - arrival time)
  Source:                 u_bd/iot_gateway_bd_i/proc_sys_reset_0/U0/PR_OUT_DFF[0].FDRE_PER_replica_16/C
                            (rising edge-triggered cell FDRE clocked by clk_fpga_0  {rise@0.000ns fall@5.000ns period=10.000ns})
  Destination:            u_bd/iot_gateway_bd_i/aes256gcm_0/U0/u_top_aes_gcm/u_aes_gcm/u_gcm_gctr/u_aes_ecb/gen_round_stack[10].u_aes_round/data_3_q_reg[1][0][3]/CLR
                            (recovery check against rising-edge clock clk_fpga_1  {rise@0.000ns fall@2.500ns period=5.000ns})
  Path Group:             **async_default**
  Path Type:              Recovery (Max at Slow Process Corner)
  Requirement:            5.000ns  (clk_fpga_1 rise@5.000ns - clk_fpga_0 rise@0.000ns)
  Data Path Delay:        3.896ns  (logic 0.259ns (6.649%)  route 3.637ns (93.351%))
  Logic Levels:           0  
  Clock Path Skew:        -0.292ns (DCD - SCD + CPR)
    Destination Clock Delay (DCD):    2.685ns = ( 7.685 - 5.000 ) 
    Source Clock Delay      (SCD):    2.977ns
    Clock Pessimism Removal (CPR):    0.000ns
  Clock Uncertainty:      0.171ns  ((TSJ^2 + TIJ^2)^1/2 + DJ) / 2 + PE
    Total System Jitter     (TSJ):    0.071ns
    Total Input Jitter      (TIJ):    0.335ns
    Discrete Jitter          (DJ):    0.000ns
    Phase Error              (PE):    0.000ns
  Clock Domain Crossing:  Inter clock paths are considered valid unless explicitly excluded by timing constraints such as set_clock_groups or set_false_path.

    Location             Delay type                Incr(ns)  Path(ns)    Netlist Resource(s)
  -------------------------------------------------------------------    -------------------
                         (clock clk_fpga_0 rise edge)
                                                      0.000     0.000 r  
    PS7_X0Y0             PS7                          0.000     0.000 r  u_bd/iot_gateway_bd_i/processing_system7_0/inst/PS7_i/FCLKCLK[0]
                         net (fo=1, routed)           1.339     1.339    u_bd/iot_gateway_bd_i/processing_system7_0/inst/FCLK_CLK_unbuffered[0]
    BUFGCTRL_X0Y16       BUFG (Prop_bufg_I_O)         0.093     1.432 r  u_bd/iot_gateway_bd_i/processing_system7_0/inst/buffer_fclk_clk_0.FCLK_CLK_0_BUFG/O
                         net (fo=3443, routed)        1.545     2.977    u_bd/iot_gateway_bd_i/proc_sys_reset_0/U0/slowest_sync_clk
    SLICE_X102Y275       FDRE                                         r  u_bd/iot_gateway_bd_i/proc_sys_reset_0/U0/PR_OUT_DFF[0].FDRE_PER_replica_16/C
  -------------------------------------------------------------------    -------------------
    SLICE_X102Y275       FDRE (Prop_fdre_C_Q)         0.259     3.236 f  u_bd/iot_gateway_bd_i/proc_sys_reset_0/U0/PR_OUT_DFF[0].FDRE_PER_replica_16/Q
                         net (fo=174, routed)         3.637     6.873    u_bd/iot_gateway_bd_i/aes256gcm_0/U0/u_top_aes_gcm/u_aes_gcm/u_gcm_gctr/u_aes_ecb/gen_round_stack[10].u_aes_round/peripheral_reset[0]_repN_16_alias
    SLICE_X114Y267       FDCE                                         f  u_bd/iot_gateway_bd_i/aes256gcm_0/U0/u_top_aes_gcm/u_aes_gcm/u_gcm_gctr/u_aes_ecb/gen_round_stack[10].u_aes_round/data_3_q_reg[1][0][3]/CLR
  -------------------------------------------------------------------    -------------------

                         (clock clk_fpga_1 rise edge)
                                                      5.000     5.000 r  
    PS7_X0Y0             PS7                          0.000     5.000 r  u_bd/iot_gateway_bd_i/processing_system7_0/inst/PS7_i/FCLKCLK[1]
                         net (fo=1, routed)           1.241     6.241    u_bd/iot_gateway_bd_i/processing_system7_0/inst/FCLK_CLK_unbuffered[1]
    BUFGCTRL_X0Y17       BUFG (Prop_bufg_I_O)         0.083     6.324 r  u_bd/iot_gateway_bd_i/processing_system7_0/inst/buffer_fclk_clk_1.FCLK_CLK_1_BUFG/O
                         net (fo=19596, routed)       1.361     7.685    u_bd/iot_gateway_bd_i/aes256gcm_0/U0/u_top_aes_gcm/u_aes_gcm/u_gcm_gctr/u_aes_ecb/gen_round_stack[10].u_aes_round/clk_i
    SLICE_X114Y267       FDCE                                         r  u_bd/iot_gateway_bd_i/aes256gcm_0/U0/u_top_aes_gcm/u_aes_gcm/u_gcm_gctr/u_aes_ecb/gen_round_stack[10].u_aes_round/data_3_q_reg[1][0][3]/C
                         clock pessimism              0.000     7.685    
                         clock uncertainty           -0.171     7.514    
    SLICE_X114Y267       FDCE (Recov_fdce_C_CLR)     -0.154     7.360    u_bd/iot_gateway_bd_i/aes256gcm_0/U0/u_top_aes_gcm/u_aes_gcm/u_gcm_gctr/u_aes_ecb/gen_round_stack[10].u_aes_round/data_3_q_reg[1][0][3]
  -------------------------------------------------------------------
                         required time                          7.360    
                         arrival time                          -6.873    
  -------------------------------------------------------------------
                         slack                                  0.487    





Min Delay Paths
--------------------------------------------------------------------------------------
Slack (MET) :             0.145ns  (arrival time - required time)
  Source:                 u_bd/iot_gateway_bd_i/proc_sys_reset_0/U0/PR_OUT_DFF[0].FDRE_PER_replica_34/C
                            (rising edge-triggered cell FDRE clocked by clk_fpga_0  {rise@0.000ns fall@5.000ns period=10.000ns})
  Destination:            u_bd/iot_gateway_bd_i/aes256gcm_0/U0/u_top_aes_gcm/u_aes_gcm/u_gcm_gctr/u_aes_ecb/gen_round_stack[6].u_aes_round/data_3_q_reg[3][1][5]/CLR
                            (removal check against rising-edge clock clk_fpga_1  {rise@0.000ns fall@2.500ns period=5.000ns})
  Path Group:             **async_default**
  Path Type:              Removal (Min at Fast Process Corner)
  Requirement:            0.000ns  (clk_fpga_1 rise@0.000ns - clk_fpga_0 rise@0.000ns)
  Data Path Delay:        0.580ns  (logic 0.100ns (17.239%)  route 0.480ns (82.761%))
  Logic Levels:           0  
  Clock Path Skew:        0.314ns (DCD - SCD - CPR)
    Destination Clock Delay (DCD):    1.839ns
    Source Clock Delay      (SCD):    1.525ns
    Clock Pessimism Removal (CPR):    -0.000ns
  Clock Uncertainty:      0.171ns  ((TSJ^2 + TIJ^2)^1/2 + DJ) / 2 + PE
    Total System Jitter     (TSJ):    0.071ns
    Total Input Jitter      (TIJ):    0.335ns
    Discrete Jitter          (DJ):    0.000ns
    Phase Error              (PE):    0.000ns
  Clock Domain Crossing:  Inter clock paths are considered valid unless explicitly excluded by timing constraints such as set_clock_groups or set_false_path.

    Location             Delay type                Incr(ns)  Path(ns)    Netlist Resource(s)
  -------------------------------------------------------------------    -------------------
                         (clock clk_fpga_0 rise edge)
                                                      0.000     0.000 r  
    PS7_X0Y0             PS7                          0.000     0.000 r  u_bd/iot_gateway_bd_i/processing_system7_0/inst/PS7_i/FCLKCLK[0]
                         net (fo=1, routed)           0.725     0.725    u_bd/iot_gateway_bd_i/processing_system7_0/inst/FCLK_CLK_unbuffered[0]
    BUFGCTRL_X0Y16       BUFG (Prop_bufg_I_O)         0.026     0.751 r  u_bd/iot_gateway_bd_i/processing_system7_0/inst/buffer_fclk_clk_0.FCLK_CLK_0_BUFG/O
                         net (fo=3443, routed)        0.774     1.525    u_bd/iot_gateway_bd_i/proc_sys_reset_0/U0/slowest_sync_clk
    SLICE_X95Y310        FDRE                                         r  u_bd/iot_gateway_bd_i/proc_sys_reset_0/U0/PR_OUT_DFF[0].FDRE_PER_replica_34/C
  -------------------------------------------------------------------    -------------------
    SLICE_X95Y310        FDRE (Prop_fdre_C_Q)         0.100     1.625 f  u_bd/iot_gateway_bd_i/proc_sys_reset_0/U0/PR_OUT_DFF[0].FDRE_PER_replica_34/Q
                         net (fo=195, routed)         0.480     2.105    u_bd/iot_gateway_bd_i/aes256gcm_0/U0/u_top_aes_gcm/u_aes_gcm/u_gcm_gctr/u_aes_ecb/gen_round_stack[6].u_aes_round/peripheral_reset[0]_repN_34_alias
    SLICE_X94Y310        FDCE                                         f  u_bd/iot_gateway_bd_i/aes256gcm_0/U0/u_top_aes_gcm/u_aes_gcm/u_gcm_gctr/u_aes_ecb/gen_round_stack[6].u_aes_round/data_3_q_reg[3][1][5]/CLR
  -------------------------------------------------------------------    -------------------

                         (clock clk_fpga_1 rise edge)
                                                      0.000     0.000 r  
    PS7_X0Y0             PS7                          0.000     0.000 r  u_bd/iot_gateway_bd_i/processing_system7_0/inst/PS7_i/FCLKCLK[1]
                         net (fo=1, routed)           0.769     0.769    u_bd/iot_gateway_bd_i/processing_system7_0/inst/FCLK_CLK_unbuffered[1]
    BUFGCTRL_X0Y17       BUFG (Prop_bufg_I_O)         0.030     0.799 r  u_bd/iot_gateway_bd_i/processing_system7_0/inst/buffer_fclk_clk_1.FCLK_CLK_1_BUFG/O
                         net (fo=19596, routed)       1.040     1.839    u_bd/iot_gateway_bd_i/aes256gcm_0/U0/u_top_aes_gcm/u_aes_gcm/u_gcm_gctr/u_aes_ecb/gen_round_stack[6].u_aes_round/clk_i
    SLICE_X94Y310        FDCE                                         r  u_bd/iot_gateway_bd_i/aes256gcm_0/U0/u_top_aes_gcm/u_aes_gcm/u_gcm_gctr/u_aes_ecb/gen_round_stack[6].u_aes_round/data_3_q_reg[3][1][5]/C
                         clock pessimism              0.000     1.839    
                         clock uncertainty            0.171     2.010    
    SLICE_X94Y310        FDCE (Remov_fdce_C_CLR)     -0.050     1.960    u_bd/iot_gateway_bd_i/aes256gcm_0/U0/u_top_aes_gcm/u_aes_gcm/u_gcm_gctr/u_aes_ecb/gen_round_stack[6].u_aes_round/data_3_q_reg[3][1][5]
  -------------------------------------------------------------------
                         required time                         -1.960    
                         arrival time                           2.105    
  -------------------------------------------------------------------
                         slack                                  0.145    





---------------------------------------------------------------------------------------------------
Path Group:  **async_default**
From Clock:  clk_fpga_1
  To Clock:  clk_fpga_1

Setup :            0  Failing Endpoints,  Worst Slack        3.552ns,  Total Violation        0.000ns
Hold  :            0  Failing Endpoints,  Worst Slack        0.612ns,  Total Violation        0.000ns
---------------------------------------------------------------------------------------------------


Max Delay Paths
--------------------------------------------------------------------------------------
Slack (MET) :             3.552ns  (required time - arrival time)
  Source:                 u_bd/iot_gateway_bd_i/proc_sys_reset_1/U0/ACTIVE_LOW_PR_OUT_DFF[0].FDRE_PER_N/C
                            (rising edge-triggered cell FDRE clocked by clk_fpga_1  {rise@0.000ns fall@2.500ns period=5.000ns})
  Destination:            u_parser/u_hdr_fsm/FSM_onehot_state_reg[0]/PRE
                            (recovery check against rising-edge clock clk_fpga_1  {rise@0.000ns fall@2.500ns period=5.000ns})
  Path Group:             **async_default**
  Path Type:              Recovery (Max at Slow Process Corner)
  Requirement:            5.000ns  (clk_fpga_1 rise@5.000ns - clk_fpga_1 rise@0.000ns)
  Data Path Delay:        1.153ns  (logic 0.302ns (26.184%)  route 0.851ns (73.816%))
  Logic Levels:           1  (LUT1=1)
  Clock Path Skew:        -0.025ns (DCD - SCD + CPR)
    Destination Clock Delay (DCD):    2.821ns = ( 7.821 - 5.000 ) 
    Source Clock Delay      (SCD):    3.160ns
    Clock Pessimism Removal (CPR):    0.314ns
  Clock Uncertainty:      0.083ns  ((TSJ^2 + TIJ^2)^1/2 + DJ) / 2 + PE
    Total System Jitter     (TSJ):    0.071ns
    Total Input Jitter      (TIJ):    0.150ns
    Discrete Jitter          (DJ):    0.000ns
    Phase Error              (PE):    0.000ns

    Location             Delay type                Incr(ns)  Path(ns)    Netlist Resource(s)
  -------------------------------------------------------------------    -------------------
                         (clock clk_fpga_1 rise edge)
                                                      0.000     0.000 r  
    PS7_X0Y0             PS7                          0.000     0.000 r  u_bd/iot_gateway_bd_i/processing_system7_0/inst/PS7_i/FCLKCLK[1]
                         net (fo=1, routed)           1.339     1.339    u_bd/iot_gateway_bd_i/processing_system7_0/inst/FCLK_CLK_unbuffered[1]
    BUFGCTRL_X0Y17       BUFG (Prop_bufg_I_O)         0.093     1.432 r  u_bd/iot_gateway_bd_i/processing_system7_0/inst/buffer_fclk_clk_1.FCLK_CLK_1_BUFG/O
                         net (fo=19596, routed)       1.728     3.160    u_bd/iot_gateway_bd_i/proc_sys_reset_1/U0/slowest_sync_clk
    SLICE_X38Y303        FDRE                                         r  u_bd/iot_gateway_bd_i/proc_sys_reset_1/U0/ACTIVE_LOW_PR_OUT_DFF[0].FDRE_PER_N/C
  -------------------------------------------------------------------    -------------------
    SLICE_X38Y303        FDRE (Prop_fdre_C_Q)         0.259     3.419 r  u_bd/iot_gateway_bd_i/proc_sys_reset_1/U0/ACTIVE_LOW_PR_OUT_DFF[0].FDRE_PER_N/Q
                         net (fo=1, routed)           0.437     3.856    u_bd/w_parser_rstn
    SLICE_X38Y303        LUT1 (Prop_lut1_I0_O)        0.043     3.899 f  u_bd/FSM_onehot_state[4]_i_2/O
                         net (fo=5, routed)           0.415     4.313    u_parser/u_hdr_fsm/FSM_onehot_state_reg[4]_0
    SLICE_X36Y303        FDPE                                         f  u_parser/u_hdr_fsm/FSM_onehot_state_reg[0]/PRE
  -------------------------------------------------------------------    -------------------

                         (clock clk_fpga_1 rise edge)
                                                      5.000     5.000 r  
    PS7_X0Y0             PS7                          0.000     5.000 r  u_bd/iot_gateway_bd_i/processing_system7_0/inst/PS7_i/FCLKCLK[1]
                         net (fo=1, routed)           1.241     6.241    u_bd/iot_gateway_bd_i/processing_system7_0/inst/FCLK_CLK_unbuffered[1]
    BUFGCTRL_X0Y17       BUFG (Prop_bufg_I_O)         0.083     6.324 r  u_bd/iot_gateway_bd_i/processing_system7_0/inst/buffer_fclk_clk_1.FCLK_CLK_1_BUFG/O
                         net (fo=19596, routed)       1.497     7.821    u_parser/u_hdr_fsm/fclk1
    SLICE_X36Y303        FDPE                                         r  u_parser/u_hdr_fsm/FSM_onehot_state_reg[0]/C
                         clock pessimism              0.314     8.135    
                         clock uncertainty           -0.083     8.052    
    SLICE_X36Y303        FDPE (Recov_fdpe_C_PRE)     -0.187     7.865    u_parser/u_hdr_fsm/FSM_onehot_state_reg[0]
  -------------------------------------------------------------------
                         required time                          7.865    
                         arrival time                          -4.313    
  -------------------------------------------------------------------
                         slack                                  3.552    





Min Delay Paths
--------------------------------------------------------------------------------------
Slack (MET) :             0.612ns  (arrival time - required time)
  Source:                 u_bd/iot_gateway_bd_i/proc_sys_reset_1/U0/ACTIVE_LOW_PR_OUT_DFF[0].FDRE_PER_N/C
                            (rising edge-triggered cell FDRE clocked by clk_fpga_1  {rise@0.000ns fall@2.500ns period=5.000ns})
  Destination:            u_parser/u_hdr_fsm/FSM_onehot_state_reg[1]/CLR
                            (removal check against rising-edge clock clk_fpga_1  {rise@0.000ns fall@2.500ns period=5.000ns})
  Path Group:             **async_default**
  Path Type:              Removal (Min at Fast Process Corner)
  Requirement:            0.000ns  (clk_fpga_1 rise@0.000ns - clk_fpga_1 rise@0.000ns)
  Data Path Delay:        0.576ns  (logic 0.146ns (25.330%)  route 0.430ns (74.670%))
  Logic Levels:           1  (LUT1=1)
  Clock Path Skew:        0.014ns (DCD - SCD - CPR)
    Destination Clock Delay (DCD):    1.855ns
    Source Clock Delay      (SCD):    1.541ns
    Clock Pessimism Removal (CPR):    0.300ns

    Location             Delay type                Incr(ns)  Path(ns)    Netlist Resource(s)
  -------------------------------------------------------------------    -------------------
                         (clock clk_fpga_1 rise edge)
                                                      0.000     0.000 r  
    PS7_X0Y0             PS7                          0.000     0.000 r  u_bd/iot_gateway_bd_i/processing_system7_0/inst/PS7_i/FCLKCLK[1]
                         net (fo=1, routed)           0.725     0.725    u_bd/iot_gateway_bd_i/processing_system7_0/inst/FCLK_CLK_unbuffered[1]
    BUFGCTRL_X0Y17       BUFG (Prop_bufg_I_O)         0.026     0.751 r  u_bd/iot_gateway_bd_i/processing_system7_0/inst/buffer_fclk_clk_1.FCLK_CLK_1_BUFG/O
                         net (fo=19596, routed)       0.790     1.541    u_bd/iot_gateway_bd_i/proc_sys_reset_1/U0/slowest_sync_clk
    SLICE_X38Y303        FDRE                                         r  u_bd/iot_gateway_bd_i/proc_sys_reset_1/U0/ACTIVE_LOW_PR_OUT_DFF[0].FDRE_PER_N/C
  -------------------------------------------------------------------    -------------------
    SLICE_X38Y303        FDRE (Prop_fdre_C_Q)         0.118     1.659 r  u_bd/iot_gateway_bd_i/proc_sys_reset_1/U0/ACTIVE_LOW_PR_OUT_DFF[0].FDRE_PER_N/Q
                         net (fo=1, routed)           0.229     1.888    u_bd/w_parser_rstn
    SLICE_X38Y303        LUT1 (Prop_lut1_I0_O)        0.028     1.916 f  u_bd/FSM_onehot_state[4]_i_2/O
                         net (fo=5, routed)           0.202     2.117    u_parser/u_hdr_fsm/FSM_onehot_state_reg[4]_0
    SLICE_X36Y303        FDCE                                         f  u_parser/u_hdr_fsm/FSM_onehot_state_reg[1]/CLR
  -------------------------------------------------------------------    -------------------

                         (clock clk_fpga_1 rise edge)
                                                      0.000     0.000 r  
    PS7_X0Y0             PS7                          0.000     0.000 r  u_bd/iot_gateway_bd_i/processing_system7_0/inst/PS7_i/FCLKCLK[1]
                         net (fo=1, routed)           0.769     0.769    u_bd/iot_gateway_bd_i/processing_system7_0/inst/FCLK_CLK_unbuffered[1]
    BUFGCTRL_X0Y17       BUFG (Prop_bufg_I_O)         0.030     0.799 r  u_bd/iot_gateway_bd_i/processing_system7_0/inst/buffer_fclk_clk_1.FCLK_CLK_1_BUFG/O
                         net (fo=19596, routed)       1.056     1.855    u_parser/u_hdr_fsm/fclk1
    SLICE_X36Y303        FDCE                                         r  u_parser/u_hdr_fsm/FSM_onehot_state_reg[1]/C
                         clock pessimism             -0.300     1.555    
    SLICE_X36Y303        FDCE (Remov_fdce_C_CLR)     -0.050     1.505    u_parser/u_hdr_fsm/FSM_onehot_state_reg[1]
  -------------------------------------------------------------------
                         required time                         -1.505    
                         arrival time                           2.117    
  -------------------------------------------------------------------
                         slack                                  0.612    





